{
  "stats": {
    "suites": 2,
    "tests": 10,
    "passes": 3,
    "pending": 0,
    "failures": 7,
    "start": "2024-08-15T13:10:51.742Z",
    "end": "2024-08-15T13:10:53.675Z",
    "duration": 1933,
    "testsRegistered": 10,
    "passPercent": 30,
    "pendingPercent": 0,
    "other": 0,
    "hasOther": false,
    "skipped": 0,
    "hasSkipped": false
  },
  "results": [
    {
      "uuid": "796573e0-76cf-4c71-b928-cff60c51268d",
      "title": "",
      "fullFile": "",
      "file": "",
      "beforeHooks": [],
      "afterHooks": [],
      "tests": [],
      "suites": [
        {
          "uuid": "0484cac4-8381-4f0c-9992-7fcaa15e1bf9",
          "title": "List All Of Object",
          "fullFile": "D:\\PARI\\testing-automation-api-object\\api\\test\\menu-object-test\\get-list-object-test.js",
          "file": "\\api\\test\\menu-object-test\\get-list-object-test.js",
          "beforeHooks": [],
          "afterHooks": [],
          "tests": [
            {
              "title": "@get As a User, I want to be able to get List Of All Object - Testing With True endpoint",
              "fullTitle": "List All Of Object @get As a User, I want to be able to get List Of All Object - Testing With True endpoint",
              "timedOut": false,
              "duration": 421,
              "state": "passed",
              "speed": "slow",
              "pass": true,
              "fail": false,
              "pending": false,
              "context": null,
              "code": "const response = await page.getListAllObject();\n    console.log(response.body);\n    assert(response.status).to.equal(200);",
              "err": {},
              "uuid": "a4fbdb30-9670-407c-b75e-99b4d83be6ee",
              "parentUUID": "0484cac4-8381-4f0c-9992-7fcaa15e1bf9",
              "isHook": false,
              "skipped": false
            },
            {
              "title": "@get As a User, I should get error 404 when Invalid Route - Testing With True endpoint",
              "fullTitle": "List All Of Object @get As a User, I should get error 404 when Invalid Route - Testing With True endpoint",
              "timedOut": false,
              "duration": 153,
              "state": "passed",
              "speed": "slow",
              "pass": true,
              "fail": false,
              "pending": false,
              "context": null,
              "code": "const response = await page.getnotFound();\n    console.log(response.body);\n    assert(response.status).to.equal(404);",
              "err": {},
              "uuid": "dd7e23e6-bf1b-4c73-821b-5de3e60662cc",
              "parentUUID": "0484cac4-8381-4f0c-9992-7fcaa15e1bf9",
              "isHook": false,
              "skipped": false
            },
            {
              "title": "@get As a User, I should get error 408 when the request times out - Testing Request Timeout",
              "fullTitle": "List All Of Object @get As a User, I should get error 408 when the request times out - Testing Request Timeout",
              "timedOut": false,
              "duration": 197,
              "state": "failed",
              "speed": null,
              "pass": false,
              "fail": true,
              "pending": false,
              "context": null,
              "code": "const response = await page.getListAllObject({\n    timeout: 100 // Simulate a request timeout\n});\nconsole.log(response.body);\nassert(response.status).to.equal(408);",
              "err": {
                "message": "AssertionError: expected 200 to equal 408",
                "estack": "AssertionError: expected 200 to equal 408\n    at Context.<anonymous> (api\\test\\menu-object-test\\get-list-object-test.js:34:36)\n    at process.processTicksAndRejections (node:internal/process/task_queues:95:5)",
                "diff": "- 200\n+ 408\n"
              },
              "uuid": "9545aec2-099a-4c44-b86d-0e156fcc0dec",
              "parentUUID": "0484cac4-8381-4f0c-9992-7fcaa15e1bf9",
              "isHook": false,
              "skipped": false
            }
          ],
          "suites": [],
          "passes": [
            "a4fbdb30-9670-407c-b75e-99b4d83be6ee",
            "dd7e23e6-bf1b-4c73-821b-5de3e60662cc"
          ],
          "failures": [
            "9545aec2-099a-4c44-b86d-0e156fcc0dec"
          ],
          "pending": [],
          "skipped": [],
          "duration": 771,
          "root": false,
          "rootEmpty": false,
          "_timeout": 180000
        },
        {
          "uuid": "b1242a38-bcd1-4f5e-96e9-79accfd2e112",
          "title": "Search By ID",
          "fullFile": "D:\\PARI\\testing-automation-api-object\\api\\test\\menu-object-test\\search-by-id-test.js",
          "file": "\\api\\test\\menu-object-test\\search-by-id-test.js",
          "beforeHooks": [],
          "afterHooks": [],
          "tests": [
            {
              "title": "@get As a User, I want to be able to get List Of All Object - Testing with multiple data IDs",
              "fullTitle": "Search By ID @get As a User, I want to be able to get List Of All Object - Testing with multiple data IDs",
              "timedOut": false,
              "duration": 154,
              "state": "failed",
              "speed": null,
              "pass": false,
              "fail": true,
              "pending": false,
              "context": null,
              "code": "const ids = ['3', '5', '10']; \nfor (const id of ids) {\n    const response = await page.getObjectById(id);\n    assert(response.status).to.equal(200);\n    }",
              "err": {
                "message": "AssertionError: expected 404 to equal 200",
                "estack": "AssertionError: expected 404 to equal 200\n    at Context.<anonymous> (api\\test\\menu-object-test\\search-by-id-test.js:22:40)\n    at process.processTicksAndRejections (node:internal/process/task_queues:95:5)",
                "diff": "- 404\n+ 200\n"
              },
              "uuid": "93769ad7-f8d9-4810-bb15-6962d93c333f",
              "parentUUID": "b1242a38-bcd1-4f5e-96e9-79accfd2e112",
              "isHook": false,
              "skipped": false
            },
            {
              "title": "@get As a User, I want to be able to get List Of All Object - Testing With ID = 3",
              "fullTitle": "Search By ID @get As a User, I want to be able to get List Of All Object - Testing With ID = 3",
              "timedOut": false,
              "duration": 242,
              "state": "failed",
              "speed": null,
              "pass": false,
              "fail": true,
              "pending": false,
              "context": null,
              "code": "const id = 3;   \nconst response = await page.getObjectById(id);\nconsole.log(response.body);\nassert(response.status).to.equal(200);",
              "err": {
                "message": "AssertionError: expected 404 to equal 200",
                "estack": "AssertionError: expected 404 to equal 200\n    at Context.<anonymous> (api\\test\\menu-object-test\\search-by-id-test.js:30:36)\n    at process.processTicksAndRejections (node:internal/process/task_queues:95:5)",
                "diff": "- 404\n+ 200\n"
              },
              "uuid": "68513130-1e2e-4888-a813-cf9b2d5b150c",
              "parentUUID": "b1242a38-bcd1-4f5e-96e9-79accfd2e112",
              "isHook": false,
              "skipped": false
            },
            {
              "title": "@get As a User, I want to be able to get List Of All Object - Testing With ID = 5",
              "fullTitle": "Search By ID @get As a User, I want to be able to get List Of All Object - Testing With ID = 5",
              "timedOut": false,
              "duration": 211,
              "state": "failed",
              "speed": null,
              "pass": false,
              "fail": true,
              "pending": false,
              "context": null,
              "code": "const id = '5';   \nconst response = await page.getObjectById(id);\nconsole.log(response.body);\nassert(response.status).to.equal(200);",
              "err": {
                "message": "AssertionError: expected 404 to equal 200",
                "estack": "AssertionError: expected 404 to equal 200\n    at Context.<anonymous> (api\\test\\menu-object-test\\search-by-id-test.js:37:36)\n    at process.processTicksAndRejections (node:internal/process/task_queues:95:5)",
                "diff": "- 404\n+ 200\n"
              },
              "uuid": "e400e7d0-a546-4e7e-93b4-9230a4cc86d3",
              "parentUUID": "b1242a38-bcd1-4f5e-96e9-79accfd2e112",
              "isHook": false,
              "skipped": false
            },
            {
              "title": "@get As a User, I want to be able to get List Of All Object - Testing With ID = 10",
              "fullTitle": "Search By ID @get As a User, I want to be able to get List Of All Object - Testing With ID = 10",
              "timedOut": false,
              "duration": 156,
              "state": "failed",
              "speed": null,
              "pass": false,
              "fail": true,
              "pending": false,
              "context": null,
              "code": "const id = '10' ;    \nconst response = await page.getObjectById(id);\nconsole.log(response.body);\nassert(response.status).to.equal(200);",
              "err": {
                "message": "AssertionError: expected 404 to equal 200",
                "estack": "AssertionError: expected 404 to equal 200\n    at Context.<anonymous> (api\\test\\menu-object-test\\search-by-id-test.js:44:36)\n    at process.processTicksAndRejections (node:internal/process/task_queues:95:5)",
                "diff": "- 404\n+ 200\n"
              },
              "uuid": "9731e048-6259-4d70-8a6a-dfe9ba7baf44",
              "parentUUID": "b1242a38-bcd1-4f5e-96e9-79accfd2e112",
              "isHook": false,
              "skipped": false
            },
            {
              "title": "@get As a User, I should get error 400 when Invalid Data Parameter - Testing With ID using boolean",
              "fullTitle": "Search By ID @get As a User, I should get error 400 when Invalid Data Parameter - Testing With ID using boolean",
              "timedOut": false,
              "duration": 206,
              "state": "failed",
              "speed": null,
              "pass": false,
              "fail": true,
              "pending": false,
              "context": null,
              "code": "const id = true; // harusnya kena 400 tapi ini masih passing ke 200 \nconst response = await page.getObjectById(id);\nconsole.log(response.body);\nassert(response.status).to.equal(400);",
              "err": {
                "message": "AssertionError: expected 404 to equal 400",
                "estack": "AssertionError: expected 404 to equal 400\n    at Context.<anonymous> (api\\test\\menu-object-test\\search-by-id-test.js:51:36)\n    at process.processTicksAndRejections (node:internal/process/task_queues:95:5)",
                "diff": "- 404\n+ 400\n"
              },
              "uuid": "35284e05-bbda-4234-9c7d-8714b0c2353e",
              "parentUUID": "b1242a38-bcd1-4f5e-96e9-79accfd2e112",
              "isHook": false,
              "skipped": false
            },
            {
              "title": "@get As a User, I should get error 404 when Invalid Route - Testing with Invalid Route",
              "fullTitle": "Search By ID @get As a User, I should get error 404 when Invalid Route - Testing with Invalid Route",
              "timedOut": false,
              "duration": 160,
              "state": "passed",
              "speed": "slow",
              "pass": true,
              "fail": false,
              "pending": false,
              "context": null,
              "code": "const response = await page.getnotFound();\n    console.log(response.body);\n    assert(response.status).to.equal(404);",
              "err": {},
              "uuid": "af7ddefc-c7ee-4400-a6b4-4545df90cd11",
              "parentUUID": "b1242a38-bcd1-4f5e-96e9-79accfd2e112",
              "isHook": false,
              "skipped": false
            },
            {
              "title": "@get As a User, I should get error 408 when the request times out - Testing Request Timeout",
              "fullTitle": "Search By ID @get As a User, I should get error 408 when the request times out - Testing Request Timeout",
              "timedOut": false,
              "duration": 1,
              "state": "failed",
              "speed": null,
              "pass": false,
              "fail": true,
              "pending": false,
              "context": null,
              "code": "const response = await page.getRequestTimeout({\n    timeout: 100 // Simulate a request timeout\n});\nconsole.log(response.body);\nassert(response.status).to.equal(408);",
              "err": {
                "message": "TypeError: page.getRequestTimeout is not a function",
                "estack": "TypeError: page.getRequestTimeout is not a function\n    at Context.<anonymous> (api\\test\\menu-object-test\\search-by-id-test.js:61:37)\n    at process.processImmediate (node:internal/timers:478:21)",
                "diff": null
              },
              "uuid": "e1f59f71-281b-4d71-a119-0fd68185d56f",
              "parentUUID": "b1242a38-bcd1-4f5e-96e9-79accfd2e112",
              "isHook": false,
              "skipped": false
            }
          ],
          "suites": [],
          "passes": [
            "af7ddefc-c7ee-4400-a6b4-4545df90cd11"
          ],
          "failures": [
            "93769ad7-f8d9-4810-bb15-6962d93c333f",
            "68513130-1e2e-4888-a813-cf9b2d5b150c",
            "e400e7d0-a546-4e7e-93b4-9230a4cc86d3",
            "9731e048-6259-4d70-8a6a-dfe9ba7baf44",
            "35284e05-bbda-4234-9c7d-8714b0c2353e",
            "e1f59f71-281b-4d71-a119-0fd68185d56f"
          ],
          "pending": [],
          "skipped": [],
          "duration": 1130,
          "root": false,
          "rootEmpty": false,
          "_timeout": 180000
        }
      ],
      "passes": [],
      "failures": [],
      "pending": [],
      "skipped": [],
      "duration": 0,
      "root": true,
      "rootEmpty": true,
      "_timeout": 180000
    }
  ],
  "meta": {
    "mocha": {
      "version": "10.7.3"
    },
    "mochawesome": {
      "options": {
        "quiet": false,
        "reportFilename": "report-[datetime]",
        "saveHtml": true,
        "saveJson": true,
        "consoleReporter": "spec",
        "useInlineDiffs": false,
        "code": true
      },
      "version": "7.1.3"
    },
    "marge": {
      "options": {
        "reportDir": "reports/mochawesome/",
        "reportFilename": "report-[datetime]",
        "overwrite": "false"
      },
      "version": "6.2.0"
    }
  }
}