{
  "stats": {
    "suites": 2,
    "tests": 10,
    "passes": 3,
    "pending": 0,
    "failures": 7,
    "start": "2024-08-15T13:01:56.698Z",
    "end": "2024-08-15T13:01:57.863Z",
    "duration": 1165,
    "testsRegistered": 10,
    "passPercent": 30,
    "pendingPercent": 0,
    "other": 0,
    "hasOther": false,
    "skipped": 0,
    "hasSkipped": false
  },
  "results": [
    {
      "uuid": "574e0fd8-86a1-4c3f-b1d7-dbe164b61968",
      "title": "",
      "fullFile": "",
      "file": "",
      "beforeHooks": [],
      "afterHooks": [],
      "tests": [],
      "suites": [
        {
          "uuid": "69dcf353-1d81-48b2-9afa-e0cc8e741ae3",
          "title": "List All Of Object",
          "fullFile": "D:\\PARI\\testing-automation-api-object\\api\\test\\menu-object-test\\get-list-object-test.js",
          "file": "\\api\\test\\menu-object-test\\get-list-object-test.js",
          "beforeHooks": [],
          "afterHooks": [],
          "tests": [
            {
              "title": "@get As a User, I want to be able to get List Of All Object - Testing With True endpoint",
              "fullTitle": "List All Of Object @get As a User, I want to be able to get List Of All Object - Testing With True endpoint",
              "timedOut": false,
              "duration": 525,
              "state": "passed",
              "speed": "slow",
              "pass": true,
              "fail": false,
              "pending": false,
              "context": null,
              "code": "const response = await page.getListAllObject();\n    console.log(response.body);\n    assert(response.status).to.equal(200);",
              "err": {},
              "uuid": "85025de7-d8b6-4e22-8c96-299c223419cb",
              "parentUUID": "69dcf353-1d81-48b2-9afa-e0cc8e741ae3",
              "isHook": false,
              "skipped": false
            },
            {
              "title": "@get As a User, I should get error 404 when Invalid Route - Testing With True endpoint",
              "fullTitle": "List All Of Object @get As a User, I should get error 404 when Invalid Route - Testing With True endpoint",
              "timedOut": false,
              "duration": 229,
              "state": "passed",
              "speed": "slow",
              "pass": true,
              "fail": false,
              "pending": false,
              "context": null,
              "code": "const response = await page.getnotFound();\n    console.log(response.body);\n    assert(response.status).to.equal(404);",
              "err": {},
              "uuid": "4023575f-dbf4-4c98-95c7-164c0d736737",
              "parentUUID": "69dcf353-1d81-48b2-9afa-e0cc8e741ae3",
              "isHook": false,
              "skipped": false
            },
            {
              "title": "@get As a User, I should get error 408 when the request times out - Testing Request Timeout",
              "fullTitle": "List All Of Object @get As a User, I should get error 408 when the request times out - Testing Request Timeout",
              "timedOut": false,
              "duration": 203,
              "state": "failed",
              "speed": null,
              "pass": false,
              "fail": true,
              "pending": false,
              "context": null,
              "code": "const response = await page.getListAllObject({\n    timeout: 100 // Simulate a request timeout\n});\nconsole.log(response.body);\nassert(response.status).to.equal(408);",
              "err": {
                "message": "AssertionError: expected 200 to equal 408",
                "estack": "AssertionError: expected 200 to equal 408\n    at Context.<anonymous> (api\\test\\menu-object-test\\get-list-object-test.js:34:36)\n    at process.processTicksAndRejections (node:internal/process/task_queues:95:5)",
                "diff": "- 200\n+ 408\n"
              },
              "uuid": "868a5824-e5ae-4a51-b1a3-d49441b0428b",
              "parentUUID": "69dcf353-1d81-48b2-9afa-e0cc8e741ae3",
              "isHook": false,
              "skipped": false
            }
          ],
          "suites": [],
          "passes": [
            "85025de7-d8b6-4e22-8c96-299c223419cb",
            "4023575f-dbf4-4c98-95c7-164c0d736737"
          ],
          "failures": [
            "868a5824-e5ae-4a51-b1a3-d49441b0428b"
          ],
          "pending": [],
          "skipped": [],
          "duration": 957,
          "root": false,
          "rootEmpty": false,
          "_timeout": 180000
        },
        {
          "uuid": "600e7ac0-8f6f-4b09-9b2f-0c8fdbf0f2af",
          "title": "Search By ID",
          "fullFile": "D:\\PARI\\testing-automation-api-object\\api\\test\\menu-object-test\\search-by-id-test.js",
          "file": "\\api\\test\\menu-object-test\\search-by-id-test.js",
          "beforeHooks": [],
          "afterHooks": [],
          "tests": [
            {
              "title": "@get As a User, I want to be able to get List Of All Object - Testing with multiple data IDs",
              "fullTitle": "Search By ID @get As a User, I want to be able to get List Of All Object - Testing with multiple data IDs",
              "timedOut": false,
              "duration": 4,
              "state": "failed",
              "speed": null,
              "pass": false,
              "fail": true,
              "pending": false,
              "context": null,
              "code": "const ids = ['3', '5', '10']; \nfor (const id of ids) {\n    const response = await page.getObjectById(id);\n    assert(response.status).to.equal(200);\n    }",
              "err": {
                "message": "TypeError: The \"urlObject\" argument must be one of type object or string. Received undefined",
                "estack": "TypeError [ERR_INVALID_ARG_TYPE]: The \"urlObject\" argument must be one of type object or string. Received undefined\n    at urlFormat (node:url:580:11)\n    at Test.Request (node_modules\\superagent\\lib\\node\\index.js:137:37)\n    at new Test (node_modules\\supertest\\lib\\test.js:29:11)\n    at obj.<computed> [as get] (node_modules\\supertest\\index.js:25:14)\n    at Object.getObjectById (api\\page\\menu-object-page\\search-by-id-page.js:19:27)\n    at Context.<anonymous> (api\\test\\menu-object-test\\search-by-id-test.js:21:41)\n    at process.processImmediate (node:internal/timers:478:21)",
                "diff": null
              },
              "uuid": "1e1af84e-5eb4-4013-83fb-899f2be81234",
              "parentUUID": "600e7ac0-8f6f-4b09-9b2f-0c8fdbf0f2af",
              "isHook": false,
              "skipped": false
            },
            {
              "title": "@get As a User, I want to be able to get List Of All Object - Testing With ID = 3",
              "fullTitle": "Search By ID @get As a User, I want to be able to get List Of All Object - Testing With ID = 3",
              "timedOut": false,
              "duration": 0,
              "state": "failed",
              "speed": null,
              "pass": false,
              "fail": true,
              "pending": false,
              "context": null,
              "code": "const id = '3';   \nconst response = await page.getObjectById(id);\nconsole.log(response.body);\nassert(response.status).to.equal(200);",
              "err": {
                "message": "TypeError: The \"urlObject\" argument must be one of type object or string. Received undefined",
                "estack": "TypeError [ERR_INVALID_ARG_TYPE]: The \"urlObject\" argument must be one of type object or string. Received undefined\n    at urlFormat (node:url:580:11)\n    at Test.Request (node_modules\\superagent\\lib\\node\\index.js:137:37)\n    at new Test (node_modules\\supertest\\lib\\test.js:29:11)\n    at obj.<computed> [as get] (node_modules\\supertest\\index.js:25:14)\n    at Object.getObjectById (api\\page\\menu-object-page\\search-by-id-page.js:19:27)\n    at Context.<anonymous> (api\\test\\menu-object-test\\search-by-id-test.js:28:37)\n    at process.processImmediate (node:internal/timers:478:21)",
                "diff": null
              },
              "uuid": "69116811-9d47-4e87-b188-1affb3a074ca",
              "parentUUID": "600e7ac0-8f6f-4b09-9b2f-0c8fdbf0f2af",
              "isHook": false,
              "skipped": false
            },
            {
              "title": "@get As a User, I want to be able to get List Of All Object - Testing With ID = 5",
              "fullTitle": "Search By ID @get As a User, I want to be able to get List Of All Object - Testing With ID = 5",
              "timedOut": false,
              "duration": 0,
              "state": "failed",
              "speed": null,
              "pass": false,
              "fail": true,
              "pending": false,
              "context": null,
              "code": "const id = '5';   \nconst response = await page.getObjectById(id);\nconsole.log(response.body);\nassert(response.status).to.equal(200);",
              "err": {
                "message": "TypeError: The \"urlObject\" argument must be one of type object or string. Received undefined",
                "estack": "TypeError [ERR_INVALID_ARG_TYPE]: The \"urlObject\" argument must be one of type object or string. Received undefined\n    at urlFormat (node:url:580:11)\n    at Test.Request (node_modules\\superagent\\lib\\node\\index.js:137:37)\n    at new Test (node_modules\\supertest\\lib\\test.js:29:11)\n    at obj.<computed> [as get] (node_modules\\supertest\\index.js:25:14)\n    at Object.getObjectById (api\\page\\menu-object-page\\search-by-id-page.js:19:27)\n    at Context.<anonymous> (api\\test\\menu-object-test\\search-by-id-test.js:35:37)\n    at process.processImmediate (node:internal/timers:478:21)",
                "diff": null
              },
              "uuid": "e0fdd19b-4423-47c2-b911-365b5c19f6cb",
              "parentUUID": "600e7ac0-8f6f-4b09-9b2f-0c8fdbf0f2af",
              "isHook": false,
              "skipped": false
            },
            {
              "title": "@get As a User, I want to be able to get List Of All Object - Testing With ID = 10",
              "fullTitle": "Search By ID @get As a User, I want to be able to get List Of All Object - Testing With ID = 10",
              "timedOut": false,
              "duration": 1,
              "state": "failed",
              "speed": null,
              "pass": false,
              "fail": true,
              "pending": false,
              "context": null,
              "code": "const id = '10' ;    \nconst response = await page.getObjectById(id);\nconsole.log(response.body);\nassert(response.status).to.equal(200);",
              "err": {
                "message": "TypeError: The \"urlObject\" argument must be one of type object or string. Received undefined",
                "estack": "TypeError [ERR_INVALID_ARG_TYPE]: The \"urlObject\" argument must be one of type object or string. Received undefined\n    at urlFormat (node:url:580:11)\n    at Test.Request (node_modules\\superagent\\lib\\node\\index.js:137:37)\n    at new Test (node_modules\\supertest\\lib\\test.js:29:11)\n    at obj.<computed> [as get] (node_modules\\supertest\\index.js:25:14)\n    at Object.getObjectById (api\\page\\menu-object-page\\search-by-id-page.js:19:27)\n    at Context.<anonymous> (api\\test\\menu-object-test\\search-by-id-test.js:42:37)\n    at process.processImmediate (node:internal/timers:478:21)",
                "diff": null
              },
              "uuid": "3e9f62ca-7b15-447f-a02e-d5dbd276e1da",
              "parentUUID": "600e7ac0-8f6f-4b09-9b2f-0c8fdbf0f2af",
              "isHook": false,
              "skipped": false
            },
            {
              "title": "@get As a User, I should get error 400 when Invalid Data Parameter - Testing With ID using boolean",
              "fullTitle": "Search By ID @get As a User, I should get error 400 when Invalid Data Parameter - Testing With ID using boolean",
              "timedOut": false,
              "duration": 1,
              "state": "failed",
              "speed": null,
              "pass": false,
              "fail": true,
              "pending": false,
              "context": null,
              "code": "const id = true; // harusnya kena 400 tapi ini masih passing ke 200 \nconst response = await page.getObjectById(id);\nconsole.log(response.body);\nassert(response.status).to.equal(400);",
              "err": {
                "message": "TypeError: The \"urlObject\" argument must be one of type object or string. Received undefined",
                "estack": "TypeError [ERR_INVALID_ARG_TYPE]: The \"urlObject\" argument must be one of type object or string. Received undefined\n    at urlFormat (node:url:580:11)\n    at Test.Request (node_modules\\superagent\\lib\\node\\index.js:137:37)\n    at new Test (node_modules\\supertest\\lib\\test.js:29:11)\n    at obj.<computed> [as get] (node_modules\\supertest\\index.js:25:14)\n    at Object.getObjectById (api\\page\\menu-object-page\\search-by-id-page.js:19:27)\n    at Context.<anonymous> (api\\test\\menu-object-test\\search-by-id-test.js:49:37)\n    at process.processImmediate (node:internal/timers:478:21)",
                "diff": null
              },
              "uuid": "15fb39aa-6a20-45d6-8499-6154d93acd24",
              "parentUUID": "600e7ac0-8f6f-4b09-9b2f-0c8fdbf0f2af",
              "isHook": false,
              "skipped": false
            },
            {
              "title": "@get As a User, I should get error 404 when Invalid Route - Testing with Invalid Route",
              "fullTitle": "Search By ID @get As a User, I should get error 404 when Invalid Route - Testing with Invalid Route",
              "timedOut": false,
              "duration": 160,
              "state": "passed",
              "speed": "slow",
              "pass": true,
              "fail": false,
              "pending": false,
              "context": null,
              "code": "const response = await page.getnotFound();\n    console.log(response.body);\n    assert(response.status).to.equal(404);",
              "err": {},
              "uuid": "d9ce8bbc-f70a-4264-b458-43a8e533ff25",
              "parentUUID": "600e7ac0-8f6f-4b09-9b2f-0c8fdbf0f2af",
              "isHook": false,
              "skipped": false
            },
            {
              "title": "@get As a User, I should get error 408 when the request times out - Testing Request Timeout",
              "fullTitle": "Search By ID @get As a User, I should get error 408 when the request times out - Testing Request Timeout",
              "timedOut": false,
              "duration": 1,
              "state": "failed",
              "speed": null,
              "pass": false,
              "fail": true,
              "pending": false,
              "context": null,
              "code": "const response = await page.getRequestTimeout({\n    timeout: 100 // Simulate a request timeout\n});\nconsole.log(response.body);\nassert(response.status).to.equal(408);",
              "err": {
                "message": "TypeError: page.getRequestTimeout is not a function",
                "estack": "TypeError: page.getRequestTimeout is not a function\n    at Context.<anonymous> (api\\test\\menu-object-test\\search-by-id-test.js:61:37)\n    at process.processImmediate (node:internal/timers:478:21)",
                "diff": null
              },
              "uuid": "e000f41b-4a93-4fe3-ad15-b399b43de50b",
              "parentUUID": "600e7ac0-8f6f-4b09-9b2f-0c8fdbf0f2af",
              "isHook": false,
              "skipped": false
            }
          ],
          "suites": [],
          "passes": [
            "d9ce8bbc-f70a-4264-b458-43a8e533ff25"
          ],
          "failures": [
            "1e1af84e-5eb4-4013-83fb-899f2be81234",
            "69116811-9d47-4e87-b188-1affb3a074ca",
            "e0fdd19b-4423-47c2-b911-365b5c19f6cb",
            "3e9f62ca-7b15-447f-a02e-d5dbd276e1da",
            "15fb39aa-6a20-45d6-8499-6154d93acd24",
            "e000f41b-4a93-4fe3-ad15-b399b43de50b"
          ],
          "pending": [],
          "skipped": [],
          "duration": 167,
          "root": false,
          "rootEmpty": false,
          "_timeout": 180000
        }
      ],
      "passes": [],
      "failures": [],
      "pending": [],
      "skipped": [],
      "duration": 0,
      "root": true,
      "rootEmpty": true,
      "_timeout": 180000
    }
  ],
  "meta": {
    "mocha": {
      "version": "10.7.3"
    },
    "mochawesome": {
      "options": {
        "quiet": false,
        "reportFilename": "report-[datetime]",
        "saveHtml": true,
        "saveJson": true,
        "consoleReporter": "spec",
        "useInlineDiffs": false,
        "code": true
      },
      "version": "7.1.3"
    },
    "marge": {
      "options": {
        "reportDir": "reports/mochawesome/",
        "reportFilename": "report-[datetime]",
        "overwrite": "false"
      },
      "version": "6.2.0"
    }
  }
}