{
  "stats": {
    "suites": 1,
    "tests": 3,
    "passes": 2,
    "pending": 0,
    "failures": 1,
    "start": "2024-08-15T12:42:10.444Z",
    "end": "2024-08-15T12:42:11.331Z",
    "duration": 887,
    "testsRegistered": 3,
    "passPercent": 66.66666666666666,
    "pendingPercent": 0,
    "other": 0,
    "hasOther": false,
    "skipped": 0,
    "hasSkipped": false
  },
  "results": [
    {
      "uuid": "818588df-2262-4535-9dee-680c6b0b9768",
      "title": "",
      "fullFile": "D:\\PARI\\testing-automation-api-object\\api\\test\\menu-object-test\\get-list-object-test.js",
      "file": "\\api\\test\\menu-object-test\\get-list-object-test.js",
      "beforeHooks": [],
      "afterHooks": [],
      "tests": [],
      "suites": [
        {
          "uuid": "896f2c15-1793-4987-818f-b7c039164f6d",
          "title": "List All Of Object",
          "fullFile": "D:\\PARI\\testing-automation-api-object\\api\\test\\menu-object-test\\get-list-object-test.js",
          "file": "\\api\\test\\menu-object-test\\get-list-object-test.js",
          "beforeHooks": [],
          "afterHooks": [],
          "tests": [
            {
              "title": "@get As a User, I want to be able to get List Of All Object - Testing With True endpoint",
              "fullTitle": "List All Of Object @get As a User, I want to be able to get List Of All Object - Testing With True endpoint",
              "timedOut": false,
              "duration": 468,
              "state": "passed",
              "speed": "slow",
              "pass": true,
              "fail": false,
              "pending": false,
              "context": null,
              "code": "const response = await page.getListAllObject();\n    console.log(response.body);\n    assert(response.status).to.equal(200);",
              "err": {},
              "uuid": "32e581b1-6ca9-4f98-9a08-90439c8ef19a",
              "parentUUID": "896f2c15-1793-4987-818f-b7c039164f6d",
              "isHook": false,
              "skipped": false
            },
            {
              "title": "@get As a User, I want to be able to get List Of All Object - Testing With True endpoint",
              "fullTitle": "List All Of Object @get As a User, I want to be able to get List Of All Object - Testing With True endpoint",
              "timedOut": false,
              "duration": 215,
              "state": "passed",
              "speed": "slow",
              "pass": true,
              "fail": false,
              "pending": false,
              "context": null,
              "code": "const response = await page.getnotFound();\n    console.log(response.body);\n    assert(response.status).to.equal(404);",
              "err": {},
              "uuid": "70326198-2919-4cdb-a288-48ee31fdacbf",
              "parentUUID": "896f2c15-1793-4987-818f-b7c039164f6d",
              "isHook": false,
              "skipped": false
            },
            {
              "title": "@get As a User, I should get error 408 when the request times out - Testing Request Timeout",
              "fullTitle": "List All Of Object @get As a User, I should get error 408 when the request times out - Testing Request Timeout",
              "timedOut": false,
              "duration": 179,
              "state": "failed",
              "speed": null,
              "pass": false,
              "fail": true,
              "pending": false,
              "context": null,
              "code": "const response = await page.getListAllObject({\n    timeout: 100 // Simulate a request timeout\n});\nconsole.log(response.body);\nassert(response.status).to.equal(408);",
              "err": {
                "message": "AssertionError: expected 200 to equal 408",
                "estack": "AssertionError: expected 200 to equal 408\n    at Context.<anonymous> (api\\test\\menu-object-test\\get-list-object-test.js:36:36)\n    at process.processTicksAndRejections (node:internal/process/task_queues:95:5)",
                "diff": "- 200\n+ 408\n"
              },
              "uuid": "f78515d7-137d-4eab-86ef-ec45e9b6b9cf",
              "parentUUID": "896f2c15-1793-4987-818f-b7c039164f6d",
              "isHook": false,
              "skipped": false
            }
          ],
          "suites": [],
          "passes": [
            "32e581b1-6ca9-4f98-9a08-90439c8ef19a",
            "70326198-2919-4cdb-a288-48ee31fdacbf"
          ],
          "failures": [
            "f78515d7-137d-4eab-86ef-ec45e9b6b9cf"
          ],
          "pending": [],
          "skipped": [],
          "duration": 862,
          "root": false,
          "rootEmpty": false,
          "_timeout": 180000
        }
      ],
      "passes": [],
      "failures": [],
      "pending": [],
      "skipped": [],
      "duration": 0,
      "root": true,
      "rootEmpty": true,
      "_timeout": 180000
    }
  ],
  "meta": {
    "mocha": {
      "version": "10.7.3"
    },
    "mochawesome": {
      "options": {
        "quiet": false,
        "reportFilename": "report-[datetime]",
        "saveHtml": true,
        "saveJson": true,
        "consoleReporter": "spec",
        "useInlineDiffs": false,
        "code": true
      },
      "version": "7.1.3"
    },
    "marge": {
      "options": {
        "reportDir": "reports/mochawesome/",
        "reportFilename": "report-[datetime]",
        "overwrite": "false"
      },
      "version": "6.2.0"
    }
  }
}