{
  "stats": {
    "suites": 3,
    "tests": 12,
    "passes": 7,
    "pending": 0,
    "failures": 5,
    "start": "2024-08-15T13:33:42.737Z",
    "end": "2024-08-15T13:33:45.789Z",
    "duration": 3052,
    "testsRegistered": 12,
    "passPercent": 58.333333333333336,
    "pendingPercent": 0,
    "other": 0,
    "hasOther": false,
    "skipped": 0,
    "hasSkipped": false
  },
  "results": [
    {
      "uuid": "f7341cff-d828-49eb-8dcc-609d9845d90a",
      "title": "",
      "fullFile": "",
      "file": "",
      "beforeHooks": [],
      "afterHooks": [],
      "tests": [],
      "suites": [
        {
          "uuid": "5e15c454-9365-4126-b91b-83a2c549b92b",
          "title": "Add Object",
          "fullFile": "D:\\PARI\\testing-automation-api-object\\api\\test\\menu-object-test\\add-object-test.js",
          "file": "\\api\\test\\menu-object-test\\add-object-test.js",
          "beforeHooks": [],
          "afterHooks": [],
          "tests": [
            {
              "title": "@post As a User, I want to be able to Add Object - Testing with Add Data Object",
              "fullTitle": "Add Object @post As a User, I want to be able to Add Object - Testing with Add Data Object",
              "timedOut": false,
              "duration": 582,
              "state": "passed",
              "speed": "slow",
              "pass": true,
              "fail": false,
              "pending": false,
              "context": null,
              "code": "const validDataCases = [\n    {\n        \"name\": \"Apple MacBook Pro 16\",\n        \"data\": {\n           \"year\": 2019,\n           \"price\": 1849.99,\n           \"CPU model\": \"Intel Core i9\",\n           \"Hard disk size\": \"1 TB\"\n        }\n     }\n];\nfor (const data of validDataCases){\nconst response = await page.postAddObject(data);\nconsole.log(`Testing with data:`, data);\nconsole.log(response.body);\nassert(response.status).to.equal(200);\n}",
              "err": {},
              "uuid": "7996ef46-2dd5-47a6-8add-18eebca5caf3",
              "parentUUID": "5e15c454-9365-4126-b91b-83a2c549b92b",
              "isHook": false,
              "skipped": false
            },
            {
              "title": "@get As a User, I should get error 408 when the request times out - Testing Request Timeout",
              "fullTitle": "Add Object @get As a User, I should get error 408 when the request times out - Testing Request Timeout",
              "timedOut": false,
              "duration": 171,
              "state": "failed",
              "speed": null,
              "pass": false,
              "fail": true,
              "pending": false,
              "context": null,
              "code": "const response = await page.postAddRequestTimeout({\n    timeout: 100 // Simulate a request timeout\n});\nconsole.log(response.body);\nassert(response.status).to.equal(408);",
              "err": {
                "message": "AssertionError: expected 200 to equal 408",
                "estack": "AssertionError: expected 200 to equal 408\n    at Context.<anonymous> (api\\test\\menu-object-test\\add-object-test.js:42:36)\n    at process.processTicksAndRejections (node:internal/process/task_queues:95:5)",
                "diff": "- 200\n+ 408\n"
              },
              "uuid": "e969a6d3-7dd8-453c-96bc-0ba454e3256b",
              "parentUUID": "5e15c454-9365-4126-b91b-83a2c549b92b",
              "isHook": false,
              "skipped": false
            }
          ],
          "suites": [],
          "passes": [
            "7996ef46-2dd5-47a6-8add-18eebca5caf3"
          ],
          "failures": [
            "e969a6d3-7dd8-453c-96bc-0ba454e3256b"
          ],
          "pending": [],
          "skipped": [],
          "duration": 753,
          "root": false,
          "rootEmpty": false,
          "_timeout": 180000
        },
        {
          "uuid": "70f5e73d-2ccd-444c-b779-6804411444bb",
          "title": "List All Of Object",
          "fullFile": "D:\\PARI\\testing-automation-api-object\\api\\test\\menu-object-test\\get-list-object-test.js",
          "file": "\\api\\test\\menu-object-test\\get-list-object-test.js",
          "beforeHooks": [],
          "afterHooks": [],
          "tests": [
            {
              "title": "@get As a User, I want to be able to get List Of All Object - Testing With True endpoint",
              "fullTitle": "List All Of Object @get As a User, I want to be able to get List Of All Object - Testing With True endpoint",
              "timedOut": false,
              "duration": 168,
              "state": "passed",
              "speed": "slow",
              "pass": true,
              "fail": false,
              "pending": false,
              "context": null,
              "code": "const response = await page.getListAllObject();\n    console.log(response.body);\n    assert(response.status).to.equal(200);",
              "err": {},
              "uuid": "6449481f-eaf6-4d89-937a-9d1a10cd6ea4",
              "parentUUID": "70f5e73d-2ccd-444c-b779-6804411444bb",
              "isHook": false,
              "skipped": false
            },
            {
              "title": "@get As a User, I should get error 404 when Invalid Route - Testing With True endpoint",
              "fullTitle": "List All Of Object @get As a User, I should get error 404 when Invalid Route - Testing With True endpoint",
              "timedOut": false,
              "duration": 216,
              "state": "passed",
              "speed": "slow",
              "pass": true,
              "fail": false,
              "pending": false,
              "context": null,
              "code": "const response = await page.getnotFound();\n    console.log(response.body);\n    assert(response.status).to.equal(404);",
              "err": {},
              "uuid": "5ce015a8-326b-472a-bc32-c2fe46d5ffda",
              "parentUUID": "70f5e73d-2ccd-444c-b779-6804411444bb",
              "isHook": false,
              "skipped": false
            },
            {
              "title": "@get As a User, I should get error 408 when the request times out - Testing Request Timeout",
              "fullTitle": "List All Of Object @get As a User, I should get error 408 when the request times out - Testing Request Timeout",
              "timedOut": false,
              "duration": 232,
              "state": "failed",
              "speed": null,
              "pass": false,
              "fail": true,
              "pending": false,
              "context": null,
              "code": "const response = await page.getListAllObject({\n    timeout: 100 // Simulate a request timeout\n});\nconsole.log(response.body);\nassert(response.status).to.equal(408);",
              "err": {
                "message": "AssertionError: expected 200 to equal 408",
                "estack": "AssertionError: expected 200 to equal 408\n    at Context.<anonymous> (api\\test\\menu-object-test\\get-list-object-test.js:34:36)\n    at process.processTicksAndRejections (node:internal/process/task_queues:95:5)",
                "diff": "- 200\n+ 408\n"
              },
              "uuid": "93e96f96-2ab0-498e-974a-c60cf700298f",
              "parentUUID": "70f5e73d-2ccd-444c-b779-6804411444bb",
              "isHook": false,
              "skipped": false
            }
          ],
          "suites": [],
          "passes": [
            "6449481f-eaf6-4d89-937a-9d1a10cd6ea4",
            "5ce015a8-326b-472a-bc32-c2fe46d5ffda"
          ],
          "failures": [
            "93e96f96-2ab0-498e-974a-c60cf700298f"
          ],
          "pending": [],
          "skipped": [],
          "duration": 616,
          "root": false,
          "rootEmpty": false,
          "_timeout": 180000
        },
        {
          "uuid": "d150042a-b4ca-43a1-a40e-2c674864edf1",
          "title": "Search By ID",
          "fullFile": "D:\\PARI\\testing-automation-api-object\\api\\test\\menu-object-test\\search-by-id-test.js",
          "file": "\\api\\test\\menu-object-test\\search-by-id-test.js",
          "beforeHooks": [],
          "afterHooks": [],
          "tests": [
            {
              "title": "@get As a User, I want to be able to get List Of All Object - Testing with multiple data IDs",
              "fullTitle": "Search By ID @get As a User, I want to be able to get List Of All Object - Testing with multiple data IDs",
              "timedOut": false,
              "duration": 512,
              "state": "passed",
              "speed": "slow",
              "pass": true,
              "fail": false,
              "pending": false,
              "context": null,
              "code": "const ids = ['3', '5', '10']; \nfor (const id of ids) {\n    const response = await page.getObjectById(id);\n    assert(response.status).to.equal(200);\n    }",
              "err": {},
              "uuid": "21f7d210-87d5-4776-8775-7b76f859cd40",
              "parentUUID": "d150042a-b4ca-43a1-a40e-2c674864edf1",
              "isHook": false,
              "skipped": false
            },
            {
              "title": "@get As a User, I want to be able to get List Of All Object - Testing With ID = 3",
              "fullTitle": "Search By ID @get As a User, I want to be able to get List Of All Object - Testing With ID = 3",
              "timedOut": false,
              "duration": 154,
              "state": "passed",
              "speed": "slow",
              "pass": true,
              "fail": false,
              "pending": false,
              "context": null,
              "code": "const id = 3;   \nconst response = await page.getObjectById(id);\nconsole.log(response.body);\nassert(response.status).to.equal(200);",
              "err": {},
              "uuid": "f98abaa7-4c2d-4bcd-a682-22af689526d7",
              "parentUUID": "d150042a-b4ca-43a1-a40e-2c674864edf1",
              "isHook": false,
              "skipped": false
            },
            {
              "title": "@get As a User, I want to be able to get List Of All Object - Testing With ID = 5",
              "fullTitle": "Search By ID @get As a User, I want to be able to get List Of All Object - Testing With ID = 5",
              "timedOut": false,
              "duration": 218,
              "state": "passed",
              "speed": "slow",
              "pass": true,
              "fail": false,
              "pending": false,
              "context": null,
              "code": "const id = '5';   \nconst response = await page.getObjectById(id);\nconsole.log(response.body);\nassert(response.status).to.equal(200);",
              "err": {},
              "uuid": "f7319dd1-d384-4537-8199-35bd270886b5",
              "parentUUID": "d150042a-b4ca-43a1-a40e-2c674864edf1",
              "isHook": false,
              "skipped": false
            },
            {
              "title": "@get As a User, I want to be able to get List Of All Object - Testing With ID = 10",
              "fullTitle": "Search By ID @get As a User, I want to be able to get List Of All Object - Testing With ID = 10",
              "timedOut": false,
              "duration": 223,
              "state": "passed",
              "speed": "slow",
              "pass": true,
              "fail": false,
              "pending": false,
              "context": null,
              "code": "const id = '10' ;    \nconst response = await page.getObjectById(id);\nconsole.log(response.body);\nassert(response.status).to.equal(200);",
              "err": {},
              "uuid": "a5475bbb-fa64-43ba-93bd-4c954494f1e6",
              "parentUUID": "d150042a-b4ca-43a1-a40e-2c674864edf1",
              "isHook": false,
              "skipped": false
            },
            {
              "title": "@get As a User, I should get error 400 when Invalid Data Parameter - Testing With ID using boolean",
              "fullTitle": "Search By ID @get As a User, I should get error 400 when Invalid Data Parameter - Testing With ID using boolean",
              "timedOut": false,
              "duration": 208,
              "state": "failed",
              "speed": null,
              "pass": false,
              "fail": true,
              "pending": false,
              "context": null,
              "code": "const id = true; // harusnya kena 400 tapi ini masih passing ke 200 \nconst response = await page.getObjectById(id);\nconsole.log(response.body);\nassert(response.status).to.equal(400);",
              "err": {
                "message": "AssertionError: expected 200 to equal 400",
                "estack": "AssertionError: expected 200 to equal 400\n    at Context.<anonymous> (api\\test\\menu-object-test\\search-by-id-test.js:51:36)\n    at process.processTicksAndRejections (node:internal/process/task_queues:95:5)",
                "diff": "- 200\n+ 400\n"
              },
              "uuid": "cad116b0-a75c-4303-bcc2-26423ad91483",
              "parentUUID": "d150042a-b4ca-43a1-a40e-2c674864edf1",
              "isHook": false,
              "skipped": false
            },
            {
              "title": "@get As a User, I should get error 404 when Invalid Route - Testing with Invalid Route",
              "fullTitle": "Search By ID @get As a User, I should get error 404 when Invalid Route - Testing with Invalid Route",
              "timedOut": false,
              "duration": 311,
              "state": "failed",
              "speed": null,
              "pass": false,
              "fail": true,
              "pending": false,
              "context": null,
              "code": "const response = await page.getnotFound();\n    console.log(response.body);\n    assert(response.status).to.equal(404);",
              "err": {
                "message": "AssertionError: expected 200 to equal 404",
                "estack": "AssertionError: expected 200 to equal 404\n    at Context.<anonymous> (api\\test\\menu-object-test\\search-by-id-test.js:57:36)\n    at process.processTicksAndRejections (node:internal/process/task_queues:95:5)",
                "diff": "- 200\n+ 404\n"
              },
              "uuid": "60a2a9d3-f20f-43f4-a767-4ca76c75ab8c",
              "parentUUID": "d150042a-b4ca-43a1-a40e-2c674864edf1",
              "isHook": false,
              "skipped": false
            },
            {
              "title": "@get As a User, I should get error 408 when the request times out - Testing Request Timeout",
              "fullTitle": "Search By ID @get As a User, I should get error 408 when the request times out - Testing Request Timeout",
              "timedOut": false,
              "duration": 1,
              "state": "failed",
              "speed": null,
              "pass": false,
              "fail": true,
              "pending": false,
              "context": null,
              "code": "const response = await page.getRequestTimeout({\n    timeout: 100 // Simulate a request timeout\n});\nconsole.log(response.body);\nassert(response.status).to.equal(408);",
              "err": {
                "message": "TypeError: page.getRequestTimeout is not a function",
                "estack": "TypeError: page.getRequestTimeout is not a function\n    at Context.<anonymous> (api\\test\\menu-object-test\\search-by-id-test.js:61:37)\n    at process.processImmediate (node:internal/timers:478:21)",
                "diff": null
              },
              "uuid": "8f3cbaa4-1a39-42ae-ade5-b872f99a28e6",
              "parentUUID": "d150042a-b4ca-43a1-a40e-2c674864edf1",
              "isHook": false,
              "skipped": false
            }
          ],
          "suites": [],
          "passes": [
            "21f7d210-87d5-4776-8775-7b76f859cd40",
            "f98abaa7-4c2d-4bcd-a682-22af689526d7",
            "f7319dd1-d384-4537-8199-35bd270886b5",
            "a5475bbb-fa64-43ba-93bd-4c954494f1e6"
          ],
          "failures": [
            "cad116b0-a75c-4303-bcc2-26423ad91483",
            "60a2a9d3-f20f-43f4-a767-4ca76c75ab8c",
            "8f3cbaa4-1a39-42ae-ade5-b872f99a28e6"
          ],
          "pending": [],
          "skipped": [],
          "duration": 1627,
          "root": false,
          "rootEmpty": false,
          "_timeout": 180000
        }
      ],
      "passes": [],
      "failures": [],
      "pending": [],
      "skipped": [],
      "duration": 0,
      "root": true,
      "rootEmpty": true,
      "_timeout": 180000
    }
  ],
  "meta": {
    "mocha": {
      "version": "10.7.3"
    },
    "mochawesome": {
      "options": {
        "quiet": false,
        "reportFilename": "report-[datetime]",
        "saveHtml": true,
        "saveJson": true,
        "consoleReporter": "spec",
        "useInlineDiffs": false,
        "code": true
      },
      "version": "7.1.3"
    },
    "marge": {
      "options": {
        "reportDir": "reports/mochawesome/",
        "reportFilename": "report-[datetime]",
        "overwrite": "false"
      },
      "version": "6.2.0"
    }
  }
}