{
  "stats": {
    "suites": 2,
    "tests": 10,
    "passes": 6,
    "pending": 0,
    "failures": 4,
    "start": "2024-08-15T13:17:00.185Z",
    "end": "2024-08-15T13:17:02.608Z",
    "duration": 2423,
    "testsRegistered": 10,
    "passPercent": 60,
    "pendingPercent": 0,
    "other": 0,
    "hasOther": false,
    "skipped": 0,
    "hasSkipped": false
  },
  "results": [
    {
      "uuid": "c42cb07c-d419-4fa3-bc1d-6be527e1ca76",
      "title": "",
      "fullFile": "",
      "file": "",
      "beforeHooks": [],
      "afterHooks": [],
      "tests": [],
      "suites": [
        {
          "uuid": "d4ea04ea-197a-4d79-8a14-9877b3b335c6",
          "title": "List All Of Object",
          "fullFile": "D:\\PARI\\testing-automation-api-object\\api\\test\\menu-object-test\\get-list-object-test.js",
          "file": "\\api\\test\\menu-object-test\\get-list-object-test.js",
          "beforeHooks": [],
          "afterHooks": [],
          "tests": [
            {
              "title": "@get As a User, I want to be able to get List Of All Object - Testing With True endpoint",
              "fullTitle": "List All Of Object @get As a User, I want to be able to get List Of All Object - Testing With True endpoint",
              "timedOut": false,
              "duration": 422,
              "state": "passed",
              "speed": "slow",
              "pass": true,
              "fail": false,
              "pending": false,
              "context": null,
              "code": "const response = await page.getListAllObject();\n    console.log(response.body);\n    assert(response.status).to.equal(200);",
              "err": {},
              "uuid": "0741410d-517f-492d-a56a-4f3f4f2a3796",
              "parentUUID": "d4ea04ea-197a-4d79-8a14-9877b3b335c6",
              "isHook": false,
              "skipped": false
            },
            {
              "title": "@get As a User, I should get error 404 when Invalid Route - Testing With True endpoint",
              "fullTitle": "List All Of Object @get As a User, I should get error 404 when Invalid Route - Testing With True endpoint",
              "timedOut": false,
              "duration": 165,
              "state": "passed",
              "speed": "slow",
              "pass": true,
              "fail": false,
              "pending": false,
              "context": null,
              "code": "const response = await page.getnotFound();\n    console.log(response.body);\n    assert(response.status).to.equal(404);",
              "err": {},
              "uuid": "f9d9ccdb-7ae5-420a-8ca6-599f4a22a395",
              "parentUUID": "d4ea04ea-197a-4d79-8a14-9877b3b335c6",
              "isHook": false,
              "skipped": false
            },
            {
              "title": "@get As a User, I should get error 408 when the request times out - Testing Request Timeout",
              "fullTitle": "List All Of Object @get As a User, I should get error 408 when the request times out - Testing Request Timeout",
              "timedOut": false,
              "duration": 185,
              "state": "failed",
              "speed": null,
              "pass": false,
              "fail": true,
              "pending": false,
              "context": null,
              "code": "const response = await page.getListAllObject({\n    timeout: 100 // Simulate a request timeout\n});\nconsole.log(response.body);\nassert(response.status).to.equal(408);",
              "err": {
                "message": "AssertionError: expected 200 to equal 408",
                "estack": "AssertionError: expected 200 to equal 408\n    at Context.<anonymous> (api\\test\\menu-object-test\\get-list-object-test.js:34:36)\n    at process.processTicksAndRejections (node:internal/process/task_queues:95:5)",
                "diff": "- 200\n+ 408\n"
              },
              "uuid": "35d2c97c-5c13-4758-ba43-259c8d022325",
              "parentUUID": "d4ea04ea-197a-4d79-8a14-9877b3b335c6",
              "isHook": false,
              "skipped": false
            }
          ],
          "suites": [],
          "passes": [
            "0741410d-517f-492d-a56a-4f3f4f2a3796",
            "f9d9ccdb-7ae5-420a-8ca6-599f4a22a395"
          ],
          "failures": [
            "35d2c97c-5c13-4758-ba43-259c8d022325"
          ],
          "pending": [],
          "skipped": [],
          "duration": 772,
          "root": false,
          "rootEmpty": false,
          "_timeout": 180000
        },
        {
          "uuid": "27392a18-9f54-404a-97de-b5c06f1c4eeb",
          "title": "Search By ID",
          "fullFile": "D:\\PARI\\testing-automation-api-object\\api\\test\\menu-object-test\\search-by-id-test.js",
          "file": "\\api\\test\\menu-object-test\\search-by-id-test.js",
          "beforeHooks": [],
          "afterHooks": [],
          "tests": [
            {
              "title": "@get As a User, I want to be able to get List Of All Object - Testing with multiple data IDs",
              "fullTitle": "Search By ID @get As a User, I want to be able to get List Of All Object - Testing with multiple data IDs",
              "timedOut": false,
              "duration": 499,
              "state": "passed",
              "speed": "slow",
              "pass": true,
              "fail": false,
              "pending": false,
              "context": null,
              "code": "const ids = ['3', '5', '10']; \nfor (const id of ids) {\n    const response = await page.getObjectById(id);\n    assert(response.status).to.equal(200);\n    }",
              "err": {},
              "uuid": "00c4bbc4-7a71-424a-8343-dec69ca9aace",
              "parentUUID": "27392a18-9f54-404a-97de-b5c06f1c4eeb",
              "isHook": false,
              "skipped": false
            },
            {
              "title": "@get As a User, I want to be able to get List Of All Object - Testing With ID = 3",
              "fullTitle": "Search By ID @get As a User, I want to be able to get List Of All Object - Testing With ID = 3",
              "timedOut": false,
              "duration": 156,
              "state": "passed",
              "speed": "slow",
              "pass": true,
              "fail": false,
              "pending": false,
              "context": null,
              "code": "const id = 3;   \nconst response = await page.getObjectById(id);\nconsole.log(response.body);\nassert(response.status).to.equal(200);",
              "err": {},
              "uuid": "c8fa2d9f-a8fc-40c2-b3d5-0adfbce67069",
              "parentUUID": "27392a18-9f54-404a-97de-b5c06f1c4eeb",
              "isHook": false,
              "skipped": false
            },
            {
              "title": "@get As a User, I want to be able to get List Of All Object - Testing With ID = 5",
              "fullTitle": "Search By ID @get As a User, I want to be able to get List Of All Object - Testing With ID = 5",
              "timedOut": false,
              "duration": 413,
              "state": "passed",
              "speed": "slow",
              "pass": true,
              "fail": false,
              "pending": false,
              "context": null,
              "code": "const id = '5';   \nconst response = await page.getObjectById(id);\nconsole.log(response.body);\nassert(response.status).to.equal(200);",
              "err": {},
              "uuid": "8ed4231a-60c2-485c-b736-76aa17ac4b0f",
              "parentUUID": "27392a18-9f54-404a-97de-b5c06f1c4eeb",
              "isHook": false,
              "skipped": false
            },
            {
              "title": "@get As a User, I want to be able to get List Of All Object - Testing With ID = 10",
              "fullTitle": "Search By ID @get As a User, I want to be able to get List Of All Object - Testing With ID = 10",
              "timedOut": false,
              "duration": 155,
              "state": "passed",
              "speed": "slow",
              "pass": true,
              "fail": false,
              "pending": false,
              "context": null,
              "code": "const id = '10' ;    \nconst response = await page.getObjectById(id);\nconsole.log(response.body);\nassert(response.status).to.equal(200);",
              "err": {},
              "uuid": "14b598ea-8ad3-4076-96c6-6dc55bb60fc3",
              "parentUUID": "27392a18-9f54-404a-97de-b5c06f1c4eeb",
              "isHook": false,
              "skipped": false
            },
            {
              "title": "@get As a User, I should get error 400 when Invalid Data Parameter - Testing With ID using boolean",
              "fullTitle": "Search By ID @get As a User, I should get error 400 when Invalid Data Parameter - Testing With ID using boolean",
              "timedOut": false,
              "duration": 196,
              "state": "failed",
              "speed": null,
              "pass": false,
              "fail": true,
              "pending": false,
              "context": null,
              "code": "const id = true; // harusnya kena 400 tapi ini masih passing ke 200 \nconst response = await page.getObjectById(id);\nconsole.log(response.body);\nassert(response.status).to.equal(400);",
              "err": {
                "message": "AssertionError: expected 200 to equal 400",
                "estack": "AssertionError: expected 200 to equal 400\n    at Context.<anonymous> (api\\test\\menu-object-test\\search-by-id-test.js:51:36)\n    at process.processTicksAndRejections (node:internal/process/task_queues:95:5)",
                "diff": "- 200\n+ 400\n"
              },
              "uuid": "ae7e3079-c9da-4020-aa71-60d8dda2c1ec",
              "parentUUID": "27392a18-9f54-404a-97de-b5c06f1c4eeb",
              "isHook": false,
              "skipped": false
            },
            {
              "title": "@get As a User, I should get error 404 when Invalid Route - Testing with Invalid Route",
              "fullTitle": "Search By ID @get As a User, I should get error 404 when Invalid Route - Testing with Invalid Route",
              "timedOut": false,
              "duration": 182,
              "state": "failed",
              "speed": null,
              "pass": false,
              "fail": true,
              "pending": false,
              "context": null,
              "code": "const response = await page.getnotFound();\n    console.log(response.body);\n    assert(response.status).to.equal(404);",
              "err": {
                "message": "AssertionError: expected 200 to equal 404",
                "estack": "AssertionError: expected 200 to equal 404\n    at Context.<anonymous> (api\\test\\menu-object-test\\search-by-id-test.js:57:36)\n    at process.processTicksAndRejections (node:internal/process/task_queues:95:5)",
                "diff": "- 200\n+ 404\n"
              },
              "uuid": "9800581a-a4d0-4772-b47b-8d18cc38f1c6",
              "parentUUID": "27392a18-9f54-404a-97de-b5c06f1c4eeb",
              "isHook": false,
              "skipped": false
            },
            {
              "title": "@get As a User, I should get error 408 when the request times out - Testing Request Timeout",
              "fullTitle": "Search By ID @get As a User, I should get error 408 when the request times out - Testing Request Timeout",
              "timedOut": false,
              "duration": 1,
              "state": "failed",
              "speed": null,
              "pass": false,
              "fail": true,
              "pending": false,
              "context": null,
              "code": "const response = await page.getRequestTimeout({\n    timeout: 100 // Simulate a request timeout\n});\nconsole.log(response.body);\nassert(response.status).to.equal(408);",
              "err": {
                "message": "TypeError: page.getRequestTimeout is not a function",
                "estack": "TypeError: page.getRequestTimeout is not a function\n    at Context.<anonymous> (api\\test\\menu-object-test\\search-by-id-test.js:61:37)\n    at process.processImmediate (node:internal/timers:478:21)",
                "diff": null
              },
              "uuid": "b6a101a5-7b25-42e8-85a7-56cd64ec353e",
              "parentUUID": "27392a18-9f54-404a-97de-b5c06f1c4eeb",
              "isHook": false,
              "skipped": false
            }
          ],
          "suites": [],
          "passes": [
            "00c4bbc4-7a71-424a-8343-dec69ca9aace",
            "c8fa2d9f-a8fc-40c2-b3d5-0adfbce67069",
            "8ed4231a-60c2-485c-b736-76aa17ac4b0f",
            "14b598ea-8ad3-4076-96c6-6dc55bb60fc3"
          ],
          "failures": [
            "ae7e3079-c9da-4020-aa71-60d8dda2c1ec",
            "9800581a-a4d0-4772-b47b-8d18cc38f1c6",
            "b6a101a5-7b25-42e8-85a7-56cd64ec353e"
          ],
          "pending": [],
          "skipped": [],
          "duration": 1602,
          "root": false,
          "rootEmpty": false,
          "_timeout": 180000
        }
      ],
      "passes": [],
      "failures": [],
      "pending": [],
      "skipped": [],
      "duration": 0,
      "root": true,
      "rootEmpty": true,
      "_timeout": 180000
    }
  ],
  "meta": {
    "mocha": {
      "version": "10.7.3"
    },
    "mochawesome": {
      "options": {
        "quiet": false,
        "reportFilename": "report-[datetime]",
        "saveHtml": true,
        "saveJson": true,
        "consoleReporter": "spec",
        "useInlineDiffs": false,
        "code": true
      },
      "version": "7.1.3"
    },
    "marge": {
      "options": {
        "reportDir": "reports/mochawesome/",
        "reportFilename": "report-[datetime]",
        "overwrite": "false"
      },
      "version": "6.2.0"
    }
  }
}